Performing C SOURCE FILE Test CMAKE_HAVE_LIBC_PTHREAD failed with the following output:
Change Dir: /home/alumno/Escritorio/Robotica/p5/CMakeFiles/CMakeTmp

Run Build Command(s):/usr/bin/make cmTC_284d4/fast && /usr/bin/make -f CMakeFiles/cmTC_284d4.dir/build.make CMakeFiles/cmTC_284d4.dir/build
make[1]: se entra en el directorio '/home/alumno/Escritorio/Robotica/p5/CMakeFiles/CMakeTmp'
Building C object CMakeFiles/cmTC_284d4.dir/src.c.o
/usr/bin/cc   -DCMAKE_HAVE_LIBC_PTHREAD   -o CMakeFiles/cmTC_284d4.dir/src.c.o   -c /home/alumno/Escritorio/Robotica/p5/CMakeFiles/CMakeTmp/src.c
Linking C executable cmTC_284d4
/usr/bin/cmake -E cmake_link_script CMakeFiles/cmTC_284d4.dir/link.txt --verbose=1
/usr/bin/cc  -DCMAKE_HAVE_LIBC_PTHREAD    CMakeFiles/cmTC_284d4.dir/src.c.o  -o cmTC_284d4 
/usr/bin/ld: CMakeFiles/cmTC_284d4.dir/src.c.o: en la función `main':
src.c:(.text+0x46): referencia a `pthread_create' sin definir
/usr/bin/ld: src.c:(.text+0x52): referencia a `pthread_detach' sin definir
/usr/bin/ld: src.c:(.text+0x63): referencia a `pthread_join' sin definir
collect2: error: ld returned 1 exit status
make[1]: *** [CMakeFiles/cmTC_284d4.dir/build.make:87: cmTC_284d4] Error 1
make[1]: se sale del directorio '/home/alumno/Escritorio/Robotica/p5/CMakeFiles/CMakeTmp'
make: *** [Makefile:121: cmTC_284d4/fast] Error 2


Source file was:
#include <pthread.h>

void* test_func(void* data)
{
  return data;
}

int main(void)
{
  pthread_t thread;
  pthread_create(&thread, NULL, test_func, NULL);
  pthread_detach(thread);
  pthread_join(thread, NULL);
  pthread_atfork(NULL, NULL, NULL);
  pthread_exit(NULL);

  return 0;
}

Determining if the function pthread_create exists in the pthreads failed with the following output:
Change Dir: /home/alumno/Escritorio/Robotica/p5/CMakeFiles/CMakeTmp

Run Build Command(s):/usr/bin/make cmTC_43297/fast && /usr/bin/make -f CMakeFiles/cmTC_43297.dir/build.make CMakeFiles/cmTC_43297.dir/build
make[1]: se entra en el directorio '/home/alumno/Escritorio/Robotica/p5/CMakeFiles/CMakeTmp'
Building C object CMakeFiles/cmTC_43297.dir/CheckFunctionExists.c.o
/usr/bin/cc   -DCHECK_FUNCTION_EXISTS=pthread_create   -o CMakeFiles/cmTC_43297.dir/CheckFunctionExists.c.o   -c /usr/share/cmake-3.16/Modules/CheckFunctionExists.c
Linking C executable cmTC_43297
/usr/bin/cmake -E cmake_link_script CMakeFiles/cmTC_43297.dir/link.txt --verbose=1
/usr/bin/cc  -DCHECK_FUNCTION_EXISTS=pthread_create    CMakeFiles/cmTC_43297.dir/CheckFunctionExists.c.o  -o cmTC_43297  -lpthreads 
/usr/bin/ld: no se puede encontrar -lpthreads
collect2: error: ld returned 1 exit status
make[1]: *** [CMakeFiles/cmTC_43297.dir/build.make:87: cmTC_43297] Error 1
make[1]: se sale del directorio '/home/alumno/Escritorio/Robotica/p5/CMakeFiles/CMakeTmp'
make: *** [Makefile:121: cmTC_43297/fast] Error 2



Performing C SOURCE FILE Test CMAKE_HAVE_LIBC_PTHREAD failed with the following output:
Change Dir: /home/alumno/Escritorio/Robotica/p5/CMakeFiles/CMakeTmp

Run Build Command(s):/usr/bin/make cmTC_dc921/fast && /usr/bin/make -f CMakeFiles/cmTC_dc921.dir/build.make CMakeFiles/cmTC_dc921.dir/build
make[1]: se entra en el directorio '/home/alumno/Escritorio/Robotica/p5/CMakeFiles/CMakeTmp'
Building C object CMakeFiles/cmTC_dc921.dir/src.c.o
/usr/bin/cc   -DCMAKE_HAVE_LIBC_PTHREAD   -o CMakeFiles/cmTC_dc921.dir/src.c.o   -c /home/alumno/Escritorio/Robotica/p5/CMakeFiles/CMakeTmp/src.c
Linking C executable cmTC_dc921
/usr/bin/cmake -E cmake_link_script CMakeFiles/cmTC_dc921.dir/link.txt --verbose=1
/usr/bin/cc  -DCMAKE_HAVE_LIBC_PTHREAD    CMakeFiles/cmTC_dc921.dir/src.c.o  -o cmTC_dc921 
/usr/bin/ld: CMakeFiles/cmTC_dc921.dir/src.c.o: en la función `main':
src.c:(.text+0x46): referencia a `pthread_create' sin definir
/usr/bin/ld: src.c:(.text+0x52): referencia a `pthread_detach' sin definir
/usr/bin/ld: src.c:(.text+0x63): referencia a `pthread_join' sin definir
collect2: error: ld returned 1 exit status
make[1]: *** [CMakeFiles/cmTC_dc921.dir/build.make:87: cmTC_dc921] Error 1
make[1]: se sale del directorio '/home/alumno/Escritorio/Robotica/p5/CMakeFiles/CMakeTmp'
make: *** [Makefile:121: cmTC_dc921/fast] Error 2


Source file was:
#include <pthread.h>

void* test_func(void* data)
{
  return data;
}

int main(void)
{
  pthread_t thread;
  pthread_create(&thread, NULL, test_func, NULL);
  pthread_detach(thread);
  pthread_join(thread, NULL);
  pthread_atfork(NULL, NULL, NULL);
  pthread_exit(NULL);

  return 0;
}

Determining if the function pthread_create exists in the pthreads failed with the following output:
Change Dir: /home/alumno/Escritorio/Robotica/p5/CMakeFiles/CMakeTmp

Run Build Command(s):/usr/bin/make cmTC_bd045/fast && /usr/bin/make -f CMakeFiles/cmTC_bd045.dir/build.make CMakeFiles/cmTC_bd045.dir/build
make[1]: se entra en el directorio '/home/alumno/Escritorio/Robotica/p5/CMakeFiles/CMakeTmp'
Building C object CMakeFiles/cmTC_bd045.dir/CheckFunctionExists.c.o
/usr/bin/cc   -DCHECK_FUNCTION_EXISTS=pthread_create   -o CMakeFiles/cmTC_bd045.dir/CheckFunctionExists.c.o   -c /usr/share/cmake-3.16/Modules/CheckFunctionExists.c
Linking C executable cmTC_bd045
/usr/bin/cmake -E cmake_link_script CMakeFiles/cmTC_bd045.dir/link.txt --verbose=1
/usr/bin/cc  -DCHECK_FUNCTION_EXISTS=pthread_create    CMakeFiles/cmTC_bd045.dir/CheckFunctionExists.c.o  -o cmTC_bd045  -lpthreads 
/usr/bin/ld: no se puede encontrar -lpthreads
collect2: error: ld returned 1 exit status
make[1]: *** [CMakeFiles/cmTC_bd045.dir/build.make:87: cmTC_bd045] Error 1
make[1]: se sale del directorio '/home/alumno/Escritorio/Robotica/p5/CMakeFiles/CMakeTmp'
make: *** [Makefile:121: cmTC_bd045/fast] Error 2



